Determining if the pthread_create exist failed with the following output:
Change Dir: /home/maciej/catkin_ws/src/k2_client-1.0.0/build/CMakeFiles/CMakeTmp

Run Build Command:"/usr/bin/make" "cmTC_91888/fast"
make[1]: Wejście do katalogu '/home/maciej/catkin_ws/src/k2_client-1.0.0/build/CMakeFiles/CMakeTmp'
/usr/bin/make -f CMakeFiles/cmTC_91888.dir/build.make CMakeFiles/cmTC_91888.dir/build
make[2]: Wejście do katalogu '/home/maciej/catkin_ws/src/k2_client-1.0.0/build/CMakeFiles/CMakeTmp'
Building C object CMakeFiles/cmTC_91888.dir/CheckSymbolExists.c.o
/usr/bin/cc    -o CMakeFiles/cmTC_91888.dir/CheckSymbolExists.c.o   -c /home/maciej/catkin_ws/src/k2_client-1.0.0/build/CMakeFiles/CMakeTmp/CheckSymbolExists.c
Linking C executable cmTC_91888
/usr/bin/cmake -E cmake_link_script CMakeFiles/cmTC_91888.dir/link.txt --verbose=1
/usr/bin/cc      -rdynamic CMakeFiles/cmTC_91888.dir/CheckSymbolExists.c.o  -o cmTC_91888 
CMakeFiles/cmTC_91888.dir/CheckSymbolExists.c.o: In function `main':
CheckSymbolExists.c:(.text+0x1b): undefined reference to `pthread_create'
collect2: error: ld returned 1 exit status
CMakeFiles/cmTC_91888.dir/build.make:97: recipe for target 'cmTC_91888' failed
make[2]: *** [cmTC_91888] Error 1
make[2]: Opuszczenie katalogu '/home/maciej/catkin_ws/src/k2_client-1.0.0/build/CMakeFiles/CMakeTmp'
Makefile:126: recipe for target 'cmTC_91888/fast' failed
make[1]: *** [cmTC_91888/fast] Error 2
make[1]: Opuszczenie katalogu '/home/maciej/catkin_ws/src/k2_client-1.0.0/build/CMakeFiles/CMakeTmp'

File /home/maciej/catkin_ws/src/k2_client-1.0.0/build/CMakeFiles/CMakeTmp/CheckSymbolExists.c:
/* */
#include <pthread.h>

int main(int argc, char** argv)
{
  (void)argv;
#ifndef pthread_create
  return ((int*)(&pthread_create))[argc];
#else
  (void)argc;
  return 0;
#endif
}

Determining if the function pthread_create exists in the pthreads failed with the following output:
Change Dir: /home/maciej/catkin_ws/src/k2_client-1.0.0/build/CMakeFiles/CMakeTmp

Run Build Command:"/usr/bin/make" "cmTC_01296/fast"
make[1]: Wejście do katalogu '/home/maciej/catkin_ws/src/k2_client-1.0.0/build/CMakeFiles/CMakeTmp'
/usr/bin/make -f CMakeFiles/cmTC_01296.dir/build.make CMakeFiles/cmTC_01296.dir/build
make[2]: Wejście do katalogu '/home/maciej/catkin_ws/src/k2_client-1.0.0/build/CMakeFiles/CMakeTmp'
Building C object CMakeFiles/cmTC_01296.dir/CheckFunctionExists.c.o
/usr/bin/cc   -DCHECK_FUNCTION_EXISTS=pthread_create   -o CMakeFiles/cmTC_01296.dir/CheckFunctionExists.c.o   -c /usr/share/cmake-3.10/Modules/CheckFunctionExists.c
Linking C executable cmTC_01296
/usr/bin/cmake -E cmake_link_script CMakeFiles/cmTC_01296.dir/link.txt --verbose=1
/usr/bin/cc  -DCHECK_FUNCTION_EXISTS=pthread_create    -rdynamic CMakeFiles/cmTC_01296.dir/CheckFunctionExists.c.o  -o cmTC_01296 -lpthreads 
/usr/bin/ld: cannot find -lpthreads
collect2: error: ld returned 1 exit status
CMakeFiles/cmTC_01296.dir/build.make:97: recipe for target 'cmTC_01296' failed
make[2]: *** [cmTC_01296] Error 1
make[2]: Opuszczenie katalogu '/home/maciej/catkin_ws/src/k2_client-1.0.0/build/CMakeFiles/CMakeTmp'
Makefile:126: recipe for target 'cmTC_01296/fast' failed
make[1]: *** [cmTC_01296/fast] Error 2
make[1]: Opuszczenie katalogu '/home/maciej/catkin_ws/src/k2_client-1.0.0/build/CMakeFiles/CMakeTmp'


